<?xml version="1.0" encoding="UTF-8"?>
<coverage generated="1531260345774" clover="3.2.0">
  <project timestamp="1531260345774" name="All files">
    <metrics statements="11" coveredstatements="11" conditionals="6" coveredconditionals="6" methods="4" coveredmethods="4" elements="21" coveredelements="21" complexity="0" loc="11" ncloc="11" packages="1" files="1" classes="1">
      <file name="recursiveSort.js" path="/Users/stevecao/Desktop/node-jest/recursiveSort.js">
        <metrics statements="11" coveredstatements="11" conditionals="6" coveredconditionals="6" methods="4" coveredmethods="4"/>
        <line num="8" count="18" type="cond" truecount="2" falsecount="0"/>
        <line num="9" count="9" type="stmt"/>
        <line num="11" count="15" type="stmt"/>
        <line num="14" count="36" type="stmt"/>
        <line num="15" count="36" type="cond" truecount="2" falsecount="0"/>
        <line num="16" count="4" type="stmt"/>
        <line num="17" count="7" type="cond" truecount="2" falsecount="0"/>
        <line num="18" count="4" type="stmt"/>
        <line num="20" count="3" type="stmt"/>
        <line num="23" count="36" type="stmt"/>
        <line num="27" count="1" type="stmt"/>
      </file>
    </metrics>
  </project>
</coverage>
